<?xml version="1.0" encoding="UTF-8"?>
<!-- Generated by org.testng.reporters.JUnitXMLReporter -->
<testsuite hostname="LAPTOP-JEI8AS0O" ignored="2" name="Default test" tests="4" failures="0" timestamp="2021-08-03T19:43:49 EDT" time="30.985" errors="0">
  <testcase name="Get_Dashboard_LegendsitemsCounts_008" time="4.007" classname="testcases.DashboardMyInfo"/>
  <testcase name="GetMyInfoSideMenuitems_005" time="1.498" classname="testcases.DashboardMyInfo"/>
  <testcase name="Get_Dashboard_Legendsitems_006" time="4.132" classname="testcases.DashboardMyInfo"/>
  <testcase name="Get_MyInfo_SideMenuItemsCounts_009" time="1.299" classname="testcases.DashboardMyInfo"/>
  <testcase name="Get_Dashboard_QuickLaunchitemsCounts_007" time="0.0" classname="testcases.DashboardMyInfo">
    <ignored/>
  </testcase> <!-- Get_Dashboard_QuickLaunchitemsCounts_007 -->
  <testcase name="Get_Dashboard_QuickLaunchitems_004" time="0.0" classname="testcases.DashboardMyInfo">
    <ignored/>
  </testcase> <!-- Get_Dashboard_QuickLaunchitems_004 -->
</testsuite> <!-- Default test -->
