<?xml version="1.0" encoding="UTF-8"?>
<!-- Generated by org.testng.reporters.JUnitXMLReporter -->
<testsuite hostname="LAPTOP-JEI8AS0O" ignored="0" name="Test" tests="9" failures="2" timestamp="2021-08-03T19:51:48 EDT" time="49.969" errors="0">
  <testcase name="ForgotPassword_003" time="0.5" classname="testcases.LoginTestcases"/>
  <testcase name="Login_success_001" time="1.953" classname="testcases.LoginTestcases"/>
  <testcase name="Login_unsuccessful_002" time="1.353" classname="testcases.LoginTestcases"/>
  <testcase name="Get_Dashboard_QuickLaunchitemsCounts_007" time="1.037" classname="testcases.DashboardMyInfo">
    <failure type="java.lang.AssertionError" message="expected [true] but found [false]">
      <![CDATA[java.lang.AssertionError: expected [true] but found [false]
at testcases.DashboardMyInfo.Get_Dashboard_QuickLaunchitemsCounts_007(DashboardMyInfo.java:63)
at java.util.ArrayList.forEach(ArrayList.java:1259)
... Removed 31 stack frames]]>
    </failure>
  </testcase> <!-- Get_Dashboard_QuickLaunchitemsCounts_007 -->
  <testcase name="Get_Dashboard_QuickLaunchitems_004" time="0.0" classname="testcases.DashboardMyInfo">
    <skipped/>
  </testcase> <!-- Get_Dashboard_QuickLaunchitems_004 -->
  <testcase name="Get_Dashboard_LegendsitemsCounts_008" time="4.008" classname="testcases.DashboardMyInfo">
    <failure type="org.testng.internal.thread.ThreadTimeoutException" message="Method testcases.DashboardMyInfo.Get_Dashboard_LegendsitemsCounts_008() didn&amp;apos;t finish within the time-out 4000">
      <![CDATA[org.testng.internal.thread.ThreadTimeoutException: Method testcases.DashboardMyInfo.Get_Dashboard_LegendsitemsCounts_008() didn't finish within the time-out 4000
at java.util.ArrayList.forEach(ArrayList.java:1259)
... Removed 24 stack frames]]>
    </failure>
  </testcase> <!-- Get_Dashboard_LegendsitemsCounts_008 -->
  <testcase name="GetMyInfoSideMenuitems_005" time="1.409" classname="testcases.DashboardMyInfo"/>
  <testcase name="Get_Dashboard_Legendsitems_006" time="4.201" classname="testcases.DashboardMyInfo"/>
  <testcase name="Get_MyInfo_SideMenuItemsCounts_009" time="1.373" classname="testcases.DashboardMyInfo"/>
</testsuite> <!-- Test -->
