<?xml version="1.0" encoding="UTF-8"?>
<!-- Generated by org.testng.reporters.JUnitXMLReporter -->
<testsuite hostname="LAPTOP-JEI8AS0O" ignored="0" name="Test" tests="9" failures="1" timestamp="2021-07-17T16:06:10 EDT" time="51.664" errors="0">
  <testcase name="ForgotPassword_003" time="0.515" classname="testcases.LoginTestcases"/>
  <testcase name="Login_success_001" time="1.64" classname="testcases.LoginTestcases"/>
  <testcase name="Login_unsuccessful_002" time="1.182" classname="testcases.LoginTestcases"/>
  <testcase name="GetMyInfoSideMenuitems_005" time="1.126" classname="testcases.DashboardMyInfo"/>
  <testcase name="Get_Dashboard_LegendsitemsCounts_008" time="4.117" classname="testcases.DashboardMyInfo"/>
  <testcase name="Get_Dashboard_Legendsitems_006" time="3.971" classname="testcases.DashboardMyInfo"/>
  <testcase name="Get_Dashboard_QuickLaunchitemsCounts_007" time="0.839" classname="testcases.DashboardMyInfo"/>
  <testcase name="Get_Dashboard_QuickLaunchitems_004" time="0.549" classname="testcases.DashboardMyInfo">
    <failure type="java.lang.AssertionError" message="Lists differ at element [1]: Leave Lists != Leave List expected [Leave Lists] but found [Leave List]">
      <![CDATA[java.lang.AssertionError: Lists differ at element [1]: Leave Lists != Leave List expected [Leave Lists] but found [Leave List]
at testcases.DashboardMyInfo.Get_Dashboard_QuickLaunchitems_004(DashboardMyInfo.java:49)
at java.util.ArrayList.forEach(ArrayList.java:1257)
... Removed 35 stack frames]]>
    </failure>
  </testcase> <!-- Get_Dashboard_QuickLaunchitems_004 -->
  <testcase name="Get_MyInfo_SideMenuItemsCounts_009" time="1.077" classname="testcases.DashboardMyInfo"/>
</testsuite> <!-- Test -->
